<?xml version="1.0" encoding="UTF-8"?>
<!-- Generated by org.testng.reporters.JUnitXMLReporter -->
<testsuite ignored="0" hostname="DESKTOP-B7QFQL7" failures="0" tests="4" name="Default test" time="14.699" errors="0" timestamp="2025-01-24T20:31:51 EET">
  <testcase classname="Mypackage.MyTestCases" name="AddNewCustomer" time="0.056"/>
  <testcase classname="Mypackage.MyTestCases" name="UpdateCustomerInfo" time="0.014"/>
  <testcase classname="Mypackage.MyTestCases" name="ReadTheUpdateData" time="9.901"/>
  <testcase classname="Mypackage.MyTestCases" name="DeleteCustomer" time="0.01"/>
</testsuite> <!-- Default test -->
